Mon Mar 10 12:58:45 UTC 2025
Tue Mar 11 13:15:37 UTC 2025
Wed Mar 12 13:15:24 UTC 2025
Thu Mar 13 13:15:55 UTC 2025
Fri Mar 14 13:03:31 UTC 2025
Sat Mar 15 12:59:32 UTC 2025
Sun Mar 16 13:00:38 UTC 2025
Mon Mar 17 13:17:12 UTC 2025
Tue Mar 18 13:16:16 UTC 2025
Wed Mar 19 13:16:02 UTC 2025
Thu Mar 20 13:13:55 UTC 2025
Fri Mar 21 13:05:19 UTC 2025
Sat Mar 22 13:00:14 UTC 2025
Sun Mar 23 13:01:05 UTC 2025
Mon Mar 24 13:17:35 UTC 2025
Tue Mar 25 13:17:12 UTC 2025
Wed Mar 26 13:17:32 UTC 2025
Thu Mar 27 13:16:43 UTC 2025
Fri Mar 28 13:15:28 UTC 2025
Sat Mar 29 13:01:44 UTC 2025
Sun Mar 30 13:01:54 UTC 2025
Mon Mar 31 13:18:31 UTC 2025
Tue Apr  1 13:20:12 UTC 2025
Wed Apr  2 13:18:23 UTC 2025
Thu Apr  3 13:17:47 UTC 2025
Fri Apr  4 13:16:34 UTC 2025
Sat Apr  5 13:01:30 UTC 2025
Sun Apr  6 13:01:48 UTC 2025
Mon Apr  7 13:19:31 UTC 2025
Tue Apr  8 13:19:37 UTC 2025
Wed Apr  9 13:19:41 UTC 2025
Thu Apr 10 12:16:19 UTC 2025
Fri Apr 11 12:16:20 UTC 2025
Sat Apr 12 12:13:58 UTC 2025
Sun Apr 13 12:14:31 UTC 2025
Mon Apr 14 12:16:20 UTC 2025
Tue Apr 15 12:16:34 UTC 2025
Wed Apr 16 12:16:35 UTC 2025
Thu Apr 17 12:16:27 UTC 2025
Fri Apr 18 12:15:37 UTC 2025
Sat Apr 19 12:14:03 UTC 2025
Sun Apr 20 12:14:20 UTC 2025
Mon Apr 21 12:16:21 UTC 2025
Tue Apr 22 12:16:19 UTC 2025
Wed Apr 23 12:16:28 UTC 2025
Thu Apr 24 12:17:10 UTC 2025
Fri Apr 25 12:16:22 UTC 2025
Sat Apr 26 12:14:15 UTC 2025
Sun Apr 27 12:14:23 UTC 2025
Mon Apr 28 12:16:44 UTC 2025
Tue Apr 29 12:17:50 UTC 2025
Wed Apr 30 12:16:18 UTC 2025
Thu May  1 12:16:10 UTC 2025
Fri May  2 12:16:30 UTC 2025
Sat May  3 12:14:31 UTC 2025
Sun May  4 12:14:49 UTC 2025
Mon May  5 12:16:40 UTC 2025
Tue May  6 12:18:41 UTC 2025
Wed May  7 12:17:35 UTC 2025
Thu May  8 12:16:52 UTC 2025
Fri May  9 12:16:27 UTC 2025
Sat May 10 12:14:23 UTC 2025
Sun May 11 12:14:42 UTC 2025
Mon May 12 12:17:32 UTC 2025
Tue May 13 12:17:48 UTC 2025
Wed May 14 12:16:54 UTC 2025
Thu May 15 12:17:18 UTC 2025
Fri May 16 12:17:37 UTC 2025
Sat May 17 12:14:43 UTC 2025
Sun May 18 12:14:57 UTC 2025
Mon May 19 12:17:49 UTC 2025
Tue May 20 12:17:51 UTC 2025
Wed May 21 12:17:25 UTC 2025
Thu May 22 12:18:10 UTC 2025
Fri May 23 12:16:53 UTC 2025
Sat May 24 12:14:58 UTC 2025
Sun May 25 12:14:57 UTC 2025
Mon May 26 12:16:47 UTC 2025
Tue May 27 12:17:44 UTC 2025
Wed May 28 12:17:35 UTC 2025
Thu May 29 12:17:09 UTC 2025
Fri May 30 12:16:44 UTC 2025
Sat May 31 12:15:03 UTC 2025
Sun Jun  1 12:15:42 UTC 2025
Mon Jun  2 12:17:35 UTC 2025
Tue Jun  3 12:17:48 UTC 2025
Wed Jun  4 12:17:49 UTC 2025
Thu Jun  5 12:18:08 UTC 2025
Fri Jun  6 12:17:11 UTC 2025
Sat Jun  7 12:15:04 UTC 2025
Sun Jun  8 12:15:11 UTC 2025
Mon Jun  9 12:17:41 UTC 2025
Tue Jun 10 12:18:27 UTC 2025
Wed Jun 11 12:18:12 UTC 2025
Thu Jun 12 12:17:40 UTC 2025
Fri Jun 13 12:17:52 UTC 2025
Sat Jun 14 12:15:13 UTC 2025
Sun Jun 15 12:15:35 UTC 2025
Mon Jun 16 12:18:13 UTC 2025
Tue Jun 17 12:18:27 UTC 2025
Wed Jun 18 12:18:16 UTC 2025
Thu Jun 19 12:18:12 UTC 2025
Fri Jun 20 12:17:45 UTC 2025
Sat Jun 21 12:15:00 UTC 2025
Sun Jun 22 12:15:26 UTC 2025
Mon Jun 23 12:18:49 UTC 2025
Tue Jun 24 12:17:59 UTC 2025
Wed Jun 25 12:18:12 UTC 2025
Thu Jun 26 12:17:56 UTC 2025
Fri Jun 27 12:17:34 UTC 2025
Sat Jun 28 12:15:28 UTC 2025
Sun Jun 29 12:15:42 UTC 2025
Mon Jun 30 12:18:01 UTC 2025
Tue Jul  1 12:18:14 UTC 2025
Wed Jul  2 12:17:51 UTC 2025
Thu Jul  3 12:18:07 UTC 2025
Fri Jul  4 12:17:43 UTC 2025
Sat Jul  5 12:15:31 UTC 2025
Sun Jul  6 12:15:51 UTC 2025
Mon Jul  7 12:18:03 UTC 2025
Tue Jul  8 12:18:31 UTC 2025
Wed Jul  9 12:18:17 UTC 2025
Thu Jul 10 12:18:26 UTC 2025
Fri Jul 11 12:17:43 UTC 2025
Sat Jul 12 12:16:00 UTC 2025
Sun Jul 13 12:16:24 UTC 2025
Mon Jul 14 12:18:45 UTC 2025
Tue Jul 15 12:19:12 UTC 2025
Wed Jul 16 12:19:00 UTC 2025
Thu Jul 17 12:18:42 UTC 2025
Fri Jul 18 12:19:00 UTC 2025
Sat Jul 19 12:16:24 UTC 2025
Sun Jul 20 12:16:54 UTC 2025
Mon Jul 21 12:19:41 UTC 2025
Tue Jul 22 12:18:52 UTC 2025
Wed Jul 23 12:19:18 UTC 2025
Thu Jul 24 12:19:07 UTC 2025
Fri Jul 25 12:18:37 UTC 2025
Sat Jul 26 12:16:33 UTC 2025
Sun Jul 27 12:17:22 UTC 2025
Mon Jul 28 12:19:22 UTC 2025
Tue Jul 29 12:19:54 UTC 2025
Wed Jul 30 12:20:00 UTC 2025
Thu Jul 31 12:17:43 UTC 2025
Fri Aug  1 12:19:02 UTC 2025
Sat Aug  2 12:16:53 UTC 2025
Sun Aug  3 12:17:10 UTC 2025
Mon Aug  4 12:19:56 UTC 2025
Tue Aug  5 12:20:19 UTC 2025
Wed Aug  6 12:20:25 UTC 2025
Thu Aug  7 12:20:05 UTC 2025
Fri Aug  8 12:19:31 UTC 2025
Sat Aug  9 12:16:27 UTC 2025
Sun Aug 10 12:17:00 UTC 2025
Mon Aug 11 12:19:24 UTC 2025
Tue Aug 12 12:18:09 UTC 2025
Wed Aug 13 12:18:26 UTC 2025
Thu Aug 14 12:18:45 UTC 2025
Fri Aug 15 12:17:40 UTC 2025
Sat Aug 16 12:15:57 UTC 2025
Sun Aug 17 12:16:25 UTC 2025
Mon Aug 18 12:18:58 UTC 2025
Tue Aug 19 12:17:41 UTC 2025
Wed Aug 20 12:17:25 UTC 2025
Thu Aug 21 12:17:32 UTC 2025
Fri Aug 22 12:16:52 UTC 2025
Sat Aug 23 12:15:05 UTC 2025
Sun Aug 24 12:15:27 UTC 2025
Mon Aug 25 12:17:53 UTC 2025
Tue Aug 26 12:18:39 UTC 2025
Wed Aug 27 12:16:59 UTC 2025
Thu Aug 28 12:17:18 UTC 2025
Fri Aug 29 12:16:34 UTC 2025
Sat Aug 30 12:14:53 UTC 2025
Sun Aug 31 12:15:11 UTC 2025
Mon Sep  1 12:18:00 UTC 2025
Tue Sep  2 12:17:43 UTC 2025
Wed Sep  3 12:17:00 UTC 2025
Thu Sep  4 12:16:59 UTC 2025
Fri Sep  5 12:16:16 UTC 2025
Sat Sep  6 12:14:13 UTC 2025
Sun Sep  7 12:14:47 UTC 2025
Mon Sep  8 12:18:28 UTC 2025
Tue Sep  9 12:18:34 UTC 2025
Wed Sep 10 12:16:53 UTC 2025
Thu Sep 11 12:16:37 UTC 2025
Fri Sep 12 12:16:57 UTC 2025
Sat Sep 13 12:14:23 UTC 2025
Sun Sep 14 12:14:22 UTC 2025
Mon Sep 15 12:17:16 UTC 2025
Tue Sep 16 12:17:13 UTC 2025
Wed Sep 17 12:17:14 UTC 2025
Thu Sep 18 12:16:53 UTC 2025
Fri Sep 19 12:17:18 UTC 2025
Sat Sep 20 12:15:08 UTC 2025
Sun Sep 21 12:14:51 UTC 2025
Mon Sep 22 12:17:46 UTC 2025
Tue Sep 23 12:16:55 UTC 2025
Wed Sep 24 12:17:37 UTC 2025
Thu Sep 25 12:17:59 UTC 2025
Fri Sep 26 12:17:07 UTC 2025
Sat Sep 27 12:14:47 UTC 2025
Sun Sep 28 12:14:53 UTC 2025
Mon Sep 29 12:17:55 UTC 2025
Tue Sep 30 12:17:56 UTC 2025
Wed Oct  1 12:18:07 UTC 2025
Thu Oct  2 12:16:22 UTC 2025
Fri Oct  3 12:16:35 UTC 2025
Sat Oct  4 12:14:26 UTC 2025
Sun Oct  5 12:14:41 UTC 2025
Mon Oct  6 12:17:26 UTC 2025
Tue Oct  7 12:18:14 UTC 2025
Wed Oct  8 12:18:20 UTC 2025
Thu Oct  9 12:17:24 UTC 2025
Fri Oct 10 12:18:04 UTC 2025
Sat Oct 11 12:14:38 UTC 2025
Sun Oct 12 12:15:12 UTC 2025
Mon Oct 13 12:18:08 UTC 2025
Tue Oct 14 12:18:26 UTC 2025
Wed Oct 15 12:19:14 UTC 2025
Thu Oct 16 12:18:19 UTC 2025
Fri Oct 17 12:17:36 UTC 2025
Sat Oct 18 12:15:14 UTC 2025
Sun Oct 19 12:15:29 UTC 2025
Mon Oct 20 12:18:09 UTC 2025
Tue Oct 21 12:18:34 UTC 2025
Wed Oct 22 12:18:30 UTC 2025
Thu Oct 23 12:18:16 UTC 2025
Fri Oct 24 12:18:04 UTC 2025
Sat Oct 25 12:14:58 UTC 2025
Sun Oct 26 12:15:36 UTC 2025
Mon Oct 27 12:18:30 UTC 2025
Tue Oct 28 12:18:01 UTC 2025
Wed Oct 29 12:18:45 UTC 2025
Thu Oct 30 12:18:03 UTC 2025
Fri Oct 31 12:18:40 UTC 2025
Sat Nov  1 12:15:25 UTC 2025
Sun Nov  2 12:15:18 UTC 2025
Mon Nov  3 12:18:31 UTC 2025
Tue Nov  4 12:19:20 UTC 2025
Wed Nov  5 12:18:34 UTC 2025
Thu Nov  6 12:18:16 UTC 2025
Fri Nov  7 12:17:47 UTC 2025
Sat Nov  8 12:15:46 UTC 2025
Sun Nov  9 12:15:26 UTC 2025
Mon Nov 10 12:18:31 UTC 2025
Tue Nov 11 12:18:16 UTC 2025
Wed Nov 12 12:18:47 UTC 2025
Thu Nov 13 12:18:55 UTC 2025
Fri Nov 14 12:18:53 UTC 2025
Sat Nov 15 12:15:43 UTC 2025
Sun Nov 16 12:15:55 UTC 2025
Mon Nov 17 12:18:35 UTC 2025
Tue Nov 18 12:18:57 UTC 2025
Wed Nov 19 12:18:38 UTC 2025
Thu Nov 20 12:18:36 UTC 2025
Fri Nov 21 12:17:35 UTC 2025
Sat Nov 22 12:15:18 UTC 2025
Sun Nov 23 12:15:09 UTC 2025
Mon Nov 24 12:18:52 UTC 2025
Tue Nov 25 12:19:40 UTC 2025
Wed Nov 26 12:19:49 UTC 2025
Thu Nov 27 12:18:56 UTC 2025
Fri Nov 28 12:18:32 UTC 2025
Sat Nov 29 12:16:06 UTC 2025
Sun Nov 30 12:16:21 UTC 2025
Mon Dec  1 12:19:39 UTC 2025
Tue Dec  2 12:20:36 UTC 2025
Wed Dec  3 12:19:30 UTC 2025
Thu Dec  4 12:19:51 UTC 2025
Fri Dec  5 12:19:23 UTC 2025
Sat Dec  6 12:16:28 UTC 2025
Sun Dec  7 12:16:11 UTC 2025
Mon Dec  8 12:19:18 UTC 2025
Tue Dec  9 12:19:45 UTC 2025
Wed Dec 10 12:19:50 UTC 2025
Thu Dec 11 12:21:02 UTC 2025
Fri Dec 12 12:19:15 UTC 2025
Sat Dec 13 12:16:45 UTC 2025
Sun Dec 14 12:17:06 UTC 2025
Mon Dec 15 12:21:00 UTC 2025
Tue Dec 16 12:20:33 UTC 2025
Wed Dec 17 12:19:46 UTC 2025
Thu Dec 18 12:19:45 UTC 2025
Fri Dec 19 12:19:04 UTC 2025
Sat Dec 20 12:16:53 UTC 2025
Sun Dec 21 12:17:07 UTC 2025
Mon Dec 22 12:20:02 UTC 2025
Tue Dec 23 12:19:47 UTC 2025
Wed Dec 24 12:19:14 UTC 2025
Thu Dec 25 12:18:59 UTC 2025
Fri Dec 26 12:18:58 UTC 2025
Sat Dec 27 12:17:50 UTC 2025
Sun Dec 28 12:17:56 UTC 2025
Mon Dec 29 12:20:26 UTC 2025
Tue Dec 30 12:19:54 UTC 2025
Wed Dec 31 12:19:13 UTC 2025
Thu Jan  1 12:19:37 UTC 2026
Fri Jan  2 12:18:59 UTC 2026
Sat Jan  3 12:17:37 UTC 2026
Sun Jan  4 12:17:51 UTC 2026
Mon Jan  5 12:20:41 UTC 2026
Tue Jan  6 12:20:18 UTC 2026
Wed Jan  7 12:20:59 UTC 2026
Thu Jan  8 12:21:23 UTC 2026
Fri Jan  9 12:20:36 UTC 2026
Sat Jan 10 12:17:20 UTC 2026
Sun Jan 11 12:18:36 UTC 2026
Mon Jan 12 12:21:49 UTC 2026
Tue Jan 13 12:21:36 UTC 2026
Wed Jan 14 12:20:47 UTC 2026
Thu Jan 15 12:20:52 UTC 2026
Fri Jan 16 12:20:24 UTC 2026
Sat Jan 17 12:17:13 UTC 2026
Sun Jan 18 12:18:09 UTC 2026
Mon Jan 19 12:22:05 UTC 2026
Tue Jan 20 12:22:12 UTC 2026
Wed Jan 21 12:22:33 UTC 2026
Thu Jan 22 12:22:49 UTC 2026
Fri Jan 23 12:21:35 UTC 2026
Sat Jan 24 12:17:49 UTC 2026
Sun Jan 25 12:19:02 UTC 2026
Mon Jan 26 12:22:16 UTC 2026
Tue Jan 27 12:22:05 UTC 2026
Wed Jan 28 12:23:00 UTC 2026
Thu Jan 29 12:28:10 UTC 2026
Fri Jan 30 12:27:40 UTC 2026
Sat Jan 31 12:20:35 UTC 2026
Sun Feb  1 12:22:01 UTC 2026
Mon Feb  2 12:30:04 UTC 2026
Tue Feb  3 12:30:48 UTC 2026
Wed Feb  4 12:30:58 UTC 2026
Thu Feb  5 12:31:47 UTC 2026
Sat Feb  7 12:20:59 UTC 2026
Sun Feb  8 12:21:53 UTC 2026
Mon Feb  9 12:37:52 UTC 2026
Tue Feb 10 12:42:58 UTC 2026
Wed Feb 11 12:38:24 UTC 2026
Thu Feb 12 12:35:24 UTC 2026
Fri Feb 13 12:30:18 UTC 2026
Sat Feb 14 12:21:03 UTC 2026
Mon Feb 16 12:33:24 UTC 2026
Tue Feb 17 12:33:21 UTC 2026
Wed Feb 18 12:32:53 UTC 2026
Thu Feb 19 12:34:16 UTC 2026
Fri Feb 20 12:30:17 UTC 2026
Sat Feb 21 12:21:04 UTC 2026
Sun Feb 22 12:21:39 UTC 2026
Mon Feb 23 12:34:31 UTC 2026
Tue Feb 24 12:35:02 UTC 2026
Wed Feb 25 12:34:54 UTC 2026
Thu Feb 26 12:35:10 UTC 2026
Fri Feb 27 12:30:25 UTC 2026
Sat Feb 28 12:20:37 UTC 2026
